  Game.cpp
C:\Users\potom\Documents\COMP4300\A1\A1\Game.cpp(237,56): warning C4244: 'argument': conversion from 'int' to 'float', possible loss of data
C:\Users\potom\Documents\COMP4300\A1\A1\Game.cpp(237,35): warning C4244: 'argument': conversion from 'int' to 'float', possible loss of data
C:\Users\potom\Documents\COMP4300\A1\A1\Game.cpp(281,20): warning C4244: 'initializing': conversion from 'float' to 'sf::Uint8', possible loss of data
C:\Users\potom\Documents\COMP4300\A1\A1\Game.cpp(335,54): warning C4244: 'argument': conversion from 'T' to 'float', possible loss of data
          with
          [
              T=unsigned int
          ]
C:\Users\potom\Documents\COMP4300\A1\A1\Game.cpp(335,32): warning C4244: 'argument': conversion from 'T' to 'float', possible loss of data
          with
          [
              T=unsigned int
          ]
C:\Users\potom\Documents\COMP4300\A1\A1\Game.cpp(353,55): warning C4244: '=': conversion from 'double' to 'float', possible loss of data
C:\Users\potom\Documents\COMP4300\A1\A1\Game.cpp(354,55): warning C4244: '=': conversion from 'double' to 'float', possible loss of data
C:\Users\potom\Documents\COMP4300\A1\A1\Game.cpp(403,16): warning C4244: 'initializing': conversion from 'double' to 'float', possible loss of data
C:\Users\potom\Documents\COMP4300\A1\A1\Game.cpp(403,54): warning C4244: 'initializing': conversion from 'double' to 'float', possible loss of data
C:\Users\potom\Documents\COMP4300\A1\A1\Game.cpp(426,14): warning C4244: 'initializing': conversion from 'T' to 'float', possible loss of data
          with
          [
              T=unsigned int
          ]
C:\Users\potom\Documents\COMP4300\A1\A1\Game.cpp(428,14): warning C4244: 'initializing': conversion from 'T' to 'float', possible loss of data
          with
          [
              T=unsigned int
          ]
C:\Users\potom\Documents\COMP4300\A1\A1\Game.cpp(442,13): warning C4244: 'initializing': conversion from 'double' to 'float', possible loss of data
C:\Users\potom\Documents\COMP4300\A1\A1\Game.cpp(442,40): warning C4244: 'initializing': conversion from 'double' to 'float', possible loss of data
C:\Users\potom\Documents\COMP4300\A1\A1\Game.cpp(468,9): warning C4244: 'initializing': conversion from 'float' to 'int', possible loss of data
C:\Users\potom\Documents\COMP4300\A1\A1\Game.cpp(469,13): warning C4244: 'initializing': conversion from 'float' to 'int', possible loss of data
C:\Users\potom\Documents\COMP4300\A1\A1\Game.cpp(485,83): warning C4244: 'argument': conversion from 'double' to 'float', possible loss of data
C:\Users\potom\Documents\COMP4300\A1\A1\Game.cpp(485,39): warning C4244: 'argument': conversion from 'double' to 'float', possible loss of data
C:\Program Files\Microsoft Visual Studio\2022\Community\VC\Tools\MSVC\14.37.32822\include\xutility(254,82): warning C4244: 'argument': conversion from 'int' to 'float', possible loss of data
C:\Program Files\Microsoft Visual Studio\2022\Community\VC\Tools\MSVC\14.37.32822\include\memory(2104,18): message : see reference to function template instantiation 'void std::_Construct_in_place<_Ty,int&,int&,sf::Color&,sf::Color&,int&>(_Ty &,int &,int &,sf::Color &,sf::Color &,int &) noexcept(false)' being compiled
          with
          [
              _Ty=CShape
          ]
C:\Program Files\Microsoft Visual Studio\2022\Community\VC\Tools\MSVC\14.37.32822\include\memory(2779,46): message : see reference to function template instantiation 'std::_Ref_count_obj2<CShape>::_Ref_count_obj2<int&,int&,sf::Color&,sf::Color&,int&>(int &,int &,sf::Color &,sf::Color &,int &)' being compiled
C:\Users\potom\Documents\COMP4300\A1\A1\Game.cpp(409,24): message : see reference to function template instantiation 'std::shared_ptr<CShape> std::make_shared<CShape,int&,int&,sf::Color&,sf::Color&,int&>(int &,int &,sf::Color &,sf::Color &,int &)' being compiled
C:\Program Files\Microsoft Visual Studio\2022\Community\VC\Tools\MSVC\14.37.32822\include\xutility(254,82): warning C4244: 'argument': conversion from '_Ty' to 'float', possible loss of data
          with
          [
              _Ty=int
          ]
C:\Program Files\Microsoft Visual Studio\2022\Community\VC\Tools\MSVC\14.37.32822\include\memory(2104,18): message : see reference to function template instantiation 'void std::_Construct_in_place<_Ty,int>(_Ty &,int &&) noexcept(false)' being compiled
          with
          [
              _Ty=CCollision
          ]
C:\Program Files\Microsoft Visual Studio\2022\Community\VC\Tools\MSVC\14.37.32822\include\memory(2779,46): message : see reference to function template instantiation 'std::_Ref_count_obj2<CCollision>::_Ref_count_obj2<_Ty>(_Ty &&)' being compiled
          with
          [
              _Ty=int
          ]
C:\Users\potom\Documents\COMP4300\A1\A1\Game.cpp(481,33): message : see reference to function template instantiation 'std::shared_ptr<CCollision> std::make_shared<CCollision,int>(int &&)' being compiled
C:\Program Files\Microsoft Visual Studio\2022\Community\VC\Tools\MSVC\14.37.32822\include\xutility(254,82): warning C4244: 'argument': conversion from 'const int' to 'float', possible loss of data
C:\Program Files\Microsoft Visual Studio\2022\Community\VC\Tools\MSVC\14.37.32822\include\memory(2104,18): message : see reference to function template instantiation 'void std::_Construct_in_place<_Ty,const int&,int,sf::Color&,sf::Color&,const int&>(_Ty &,const int &,int &&,sf::Color &,sf::Color &,const int &) noexcept(false)' being compiled
          with
          [
              _Ty=CShape
          ]
C:\Program Files\Microsoft Visual Studio\2022\Community\VC\Tools\MSVC\14.37.32822\include\memory(2779,46): message : see reference to function template instantiation 'std::_Ref_count_obj2<CShape>::_Ref_count_obj2<const int&,_Ty,sf::Color&,sf::Color&,const int&>(const int &,_Ty &&,sf::Color &,sf::Color &,const int &)' being compiled
          with
          [
              _Ty=int
          ]
C:\Users\potom\Documents\COMP4300\A1\A1\Game.cpp(524,24): message : see reference to function template instantiation 'std::shared_ptr<CShape> std::make_shared<CShape,const int&,int,sf::Color&,sf::Color&,const int&>(const int &,int &&,sf::Color &,sf::Color &,const int &)' being compiled
  A1.vcxproj -> C:\Users\potom\Documents\COMP4300\A1\Debug\A1.exe
